Running:
src/main.py --output_dir experiments --comment Training_Sleep_Data --name Training_Sleep_Data --records_file Training_Sleep_records.xls --data_dir ./OurData/ --data_class sleep --pattern TRAIN --val_ratio 0.2 --epochs 1 --lr 0.001 --optimizer RAdam --batch_size 32 --pos_encoding learnable --d_model 64

Using device: cpu
Loading and preprocessing data ...
371 samples may be used for training
93 samples will be used for validation
0 samples will be used for testing
Creating model ...
Model:
TSTransformerEncoder(
  (project_inp): Linear(in_features=3, out_features=64, bias=True)
  (pos_enc): LearnablePositionalEncoding(
    (dropout): Dropout(p=0.1, inplace=False)
  )
  (transformer_encoder): TransformerEncoder(
    (layers): ModuleList(
      (0-2): 3 x TransformerBatchNormEncoderLayer(
        (self_attn): MultiheadAttention(
          (out_proj): NonDynamicallyQuantizableLinear(in_features=64, out_features=64, bias=True)
        )
        (linear1): Linear(in_features=64, out_features=256, bias=True)
        (dropout): Dropout(p=0.1, inplace=False)
        (linear2): Linear(in_features=256, out_features=64, bias=True)
        (norm1): BatchNorm1d(64, eps=1e-05, momentum=0.1, affine=True, track_running_stats=True)
        (norm2): BatchNorm1d(64, eps=1e-05, momentum=0.1, affine=True, track_running_stats=True)
        (dropout1): Dropout(p=0.1, inplace=False)
        (dropout2): Dropout(p=0.1, inplace=False)
      )
    )
  )
  (output_layer): Linear(in_features=64, out_features=3, bias=True)
  (dropout1): Dropout(p=0.1, inplace=False)
)
Total number of parameters: 154051
Trainable parameters: 154051
Evaluating on validation set ...
Validation runtime: 0.0 hours, 0.0 minutes, 0.11195993423461914 seconds

Avg val. time: 0.0 hours, 0.0 minutes, 0.11195993423461914 seconds
Avg batch val. time: 0.03731997807820638 seconds
Avg sample val. time: 0.0012038702605873025 seconds
Epoch 0 Validation Summary: epoch: 0.000000 | loss: 37.477072 | 
Starting training...
Epoch 1 Training Summary: epoch: 1.000000 | loss: 1.052267 | 
Epoch runtime: 0.0 hours, 0.0 minutes, 1.8883650302886963 seconds

Avg epoch train. time: 0.0 hours, 0.0 minutes, 1.8883650302886963 seconds
Avg batch train. time: 0.15736375252405801 seconds
Avg sample train. time: 0.0050899326961959465 seconds
Evaluating on validation set ...
Validation runtime: 0.0 hours, 0.0 minutes, 0.16158390045166016 seconds

Avg val. time: 0.0 hours, 0.0 minutes, 0.13677191734313965 seconds
Avg batch val. time: 0.04559063911437988 seconds
Avg sample val. time: 0.001470665777883222 seconds
Epoch 1 Validation Summary: epoch: 1.000000 | loss: 1.244824 | 
Best loss was 1.24482421875. Other metrics: OrderedDict([('epoch', 1), ('loss', 1.24482421875)])
All Done!
Total runtime: 0.0 hours, 0.0 minutes, 3.094264268875122 seconds

